<?xml version="1.0" encoding="UTF-8"?>
<!-- Generated by org.testng.reporters.JUnitReportReporter -->
<testsuite hostname="DESKTOP-DIC7RLC" failures="0" tests="1" name="Tests.Scenario_finalized_for_Automation_test.QA_click_jet_tests.NegativeTestBookFlightTest" time="9.802" errors="0" timestamp="2021-10-28T09:35:41 IST" skipped="0">
  <testcase classname="Tests.Scenario_finalized_for_Automation_test.QA_click_jet_tests.NegativeTestBookFlightTest" name="NegativeTestSameDepAndArrivalLoc" time="9.802"/>
  <system-out/>
</testsuite> <!-- Tests.Scenario_finalized_for_Automation_test.QA_click_jet_tests.NegativeTestBookFlightTest -->
